<?xml version="1.0" encoding="UTF-8"?>
<testng-results skipped="0" failed="0" ignored="0" total="1" passed="1">
  <reporter-output>
  </reporter-output>
  <suite name="Default suite" duration-ms="65546" started-at="2020-05-26T10:44:41Z" finished-at="2020-05-26T10:45:47Z">
    <groups>
    </groups>
    <test name="Default test" duration-ms="65546" started-at="2020-05-26T10:44:41Z" finished-at="2020-05-26T10:45:47Z">
      <class name="testCases.LoginTest">
        <test-method status="PASS" signature="initialize()[pri:0, instance:testCases.LoginTest@2b546384]" name="initialize" is-config="true" duration-ms="65356" started-at="2020-05-26T10:44:41Z" finished-at="2020-05-26T10:45:47Z">
          <reporter-output>
          </reporter-output>
        </test-method> <!-- initialize -->
        <test-method status="PASS" signature="FirstTestCase()[pri:0, instance:testCases.LoginTest@2b546384]" name="FirstTestCase" duration-ms="34" started-at="2020-05-26T10:45:47Z" finished-at="2020-05-26T10:45:47Z">
          <reporter-output>
          </reporter-output>
        </test-method> <!-- FirstTestCase -->
      </class> <!-- testCases.LoginTest -->
    </test> <!-- Default test -->
  </suite> <!-- Default suite -->
</testng-results>
